{"/mnt/c/Users/Vadim/Documents/fullstackopen2019_project/Mnemosyne/app.js": {"path":"/mnt/c/Users/Vadim/Documents/fullstackopen2019_project/Mnemosyne/app.js","statementMap":{"0":{"start":{"line":2,"column":15},"end":{"line":2,"column":40}},"1":{"start":{"line":5,"column":16},"end":{"line":5,"column":34}},"2":{"start":{"line":6,"column":19},"end":{"line":6,"column":41}},"3":{"start":{"line":7,"column":13},"end":{"line":7,"column":28}},"4":{"start":{"line":8,"column":17},"end":{"line":8,"column":36}},"5":{"start":{"line":9,"column":10},"end":{"line":9,"column":27}},"6":{"start":{"line":10,"column":25},"end":{"line":10,"column":57}},"7":{"start":{"line":13,"column":20},"end":{"line":13,"column":50}},"8":{"start":{"line":16,"column":21},"end":{"line":16,"column":48}},"9":{"start":{"line":17,"column":20},"end":{"line":17,"column":46}},"10":{"start":{"line":20,"column":22},"end":{"line":20,"column":50}},"11":{"start":{"line":23,"column":0},"end":{"line":28,"column":2}},"12":{"start":{"line":31,"column":17},"end":{"line":31,"column":44}},"13":{"start":{"line":33,"column":18},"end":{"line":33,"column":46}},"14":{"start":{"line":35,"column":15},"end":{"line":38,"column":2}},"15":{"start":{"line":40,"column":12},"end":{"line":40,"column":21}},"16":{"start":{"line":42,"column":0},"end":{"line":42,"column":15}},"17":{"start":{"line":43,"column":0},"end":{"line":43,"column":26}},"18":{"start":{"line":46,"column":0},"end":{"line":46,"column":31}},"19":{"start":{"line":50,"column":0},"end":{"line":50,"column":34}},"20":{"start":{"line":52,"column":0},"end":{"line":52,"column":20}}},"fnMap":{},"branchMap":{},"s":{"0":2,"1":2,"2":2,"3":2,"4":2,"5":2,"6":2,"7":2,"8":2,"9":2,"10":2,"11":2,"12":2,"13":2,"14":2,"15":2,"16":2,"17":2,"18":2,"19":2,"20":2},"f":{},"b":{},"_coverageSchema":"1a1c01bbd47fc00a2c39e90264f33305004495a9","hash":"f431f0e2dcf01cb24640b41b1766661032baccec"}
,"/mnt/c/Users/Vadim/Documents/fullstackopen2019_project/Mnemosyne/controllers/notes.js": {"path":"/mnt/c/Users/Vadim/Documents/fullstackopen2019_project/Mnemosyne/controllers/notes.js","statementMap":{"0":{"start":{"line":2,"column":20},"end":{"line":2,"column":47}},"1":{"start":{"line":4,"column":13},"end":{"line":4,"column":46}},"2":{"start":{"line":9,"column":0},"end":{"line":12,"column":2}},"3":{"start":{"line":10,"column":16},"end":{"line":10,"column":35}},"4":{"start":{"line":11,"column":2},"end":{"line":11,"column":17}},"5":{"start":{"line":14,"column":0},"end":{"line":14,"column":28}}},"fnMap":{"0":{"name":"(anonymous_0)","decl":{"start":{"line":9,"column":21},"end":{"line":9,"column":22}},"loc":{"start":{"line":9,"column":41},"end":{"line":12,"column":1}},"line":9}},"branchMap":{},"s":{"0":2,"1":2,"2":2,"3":3,"4":3,"5":2},"f":{"0":3},"b":{},"_coverageSchema":"1a1c01bbd47fc00a2c39e90264f33305004495a9","hash":"95022708540b7ec1dab8b6f60f4d53259449f7aa"}
,"/mnt/c/Users/Vadim/Documents/fullstackopen2019_project/Mnemosyne/models/category.js": {"path":"/mnt/c/Users/Vadim/Documents/fullstackopen2019_project/Mnemosyne/models/category.js","statementMap":{"0":{"start":{"line":2,"column":17},"end":{"line":2,"column":36}},"1":{"start":{"line":5,"column":23},"end":{"line":10,"column":2}},"2":{"start":{"line":13,"column":0},"end":{"line":19,"column":2}},"3":{"start":{"line":15,"column":4},"end":{"line":15,"column":53}},"4":{"start":{"line":16,"column":4},"end":{"line":16,"column":29}},"5":{"start":{"line":17,"column":4},"end":{"line":17,"column":29}},"6":{"start":{"line":21,"column":0},"end":{"line":21,"column":59}}},"fnMap":{"0":{"name":"(anonymous_0)","decl":{"start":{"line":14,"column":13},"end":{"line":14,"column":14}},"loc":{"start":{"line":14,"column":43},"end":{"line":18,"column":3}},"line":14}},"branchMap":{},"s":{"0":3,"1":3,"2":3,"3":4,"4":4,"5":4,"6":3},"f":{"0":4},"b":{},"_coverageSchema":"1a1c01bbd47fc00a2c39e90264f33305004495a9","hash":"63d6876f341ccb8927c751361a613a0dc11b981f"}
,"/mnt/c/Users/Vadim/Documents/fullstackopen2019_project/Mnemosyne/models/note.js": {"path":"/mnt/c/Users/Vadim/Documents/fullstackopen2019_project/Mnemosyne/models/note.js","statementMap":{"0":{"start":{"line":2,"column":17},"end":{"line":2,"column":36}},"1":{"start":{"line":5,"column":22},"end":{"line":12,"column":1}},"2":{"start":{"line":15,"column":19},"end":{"line":59,"column":2}},"3":{"start":{"line":62,"column":0},"end":{"line":72,"column":2}},"4":{"start":{"line":64,"column":4},"end":{"line":64,"column":53}},"5":{"start":{"line":65,"column":4},"end":{"line":65,"column":29}},"6":{"start":{"line":66,"column":4},"end":{"line":66,"column":29}},"7":{"start":{"line":67,"column":4},"end":{"line":70,"column":5}},"8":{"start":{"line":68,"column":6},"end":{"line":68,"column":35}},"9":{"start":{"line":69,"column":6},"end":{"line":69,"column":21}},"10":{"start":{"line":74,"column":0},"end":{"line":77,"column":1}}},"fnMap":{"0":{"name":"(anonymous_0)","decl":{"start":{"line":63,"column":13},"end":{"line":63,"column":14}},"loc":{"start":{"line":63,"column":43},"end":{"line":71,"column":3}},"line":63}},"branchMap":{},"s":{"0":3,"1":3,"2":3,"3":3,"4":59,"5":59,"6":59,"7":59,"8":78,"9":78,"10":3},"f":{"0":59},"b":{},"_coverageSchema":"1a1c01bbd47fc00a2c39e90264f33305004495a9","hash":"e602d24a25a1f71ad4b3d7676dec63c11bb59913"}
,"/mnt/c/Users/Vadim/Documents/fullstackopen2019_project/Mnemosyne/models/tag.js": {"path":"/mnt/c/Users/Vadim/Documents/fullstackopen2019_project/Mnemosyne/models/tag.js","statementMap":{"0":{"start":{"line":2,"column":17},"end":{"line":2,"column":36}},"1":{"start":{"line":5,"column":18},"end":{"line":10,"column":2}},"2":{"start":{"line":13,"column":0},"end":{"line":19,"column":2}},"3":{"start":{"line":15,"column":4},"end":{"line":15,"column":53}},"4":{"start":{"line":16,"column":4},"end":{"line":16,"column":29}},"5":{"start":{"line":17,"column":4},"end":{"line":17,"column":29}},"6":{"start":{"line":21,"column":0},"end":{"line":21,"column":49}}},"fnMap":{"0":{"name":"(anonymous_0)","decl":{"start":{"line":14,"column":13},"end":{"line":14,"column":14}},"loc":{"start":{"line":14,"column":43},"end":{"line":18,"column":3}},"line":14}},"branchMap":{},"s":{"0":3,"1":3,"2":3,"3":4,"4":4,"5":4,"6":3},"f":{"0":4},"b":{},"_coverageSchema":"1a1c01bbd47fc00a2c39e90264f33305004495a9","hash":"df50f5b967e7a24e946105b750b915b2ba96b796"}
,"/mnt/c/Users/Vadim/Documents/fullstackopen2019_project/Mnemosyne/models/user.js": {"path":"/mnt/c/Users/Vadim/Documents/fullstackopen2019_project/Mnemosyne/models/user.js","statementMap":{"0":{"start":{"line":2,"column":17},"end":{"line":2,"column":36}},"1":{"start":{"line":3,"column":24},"end":{"line":3,"column":60}},"2":{"start":{"line":6,"column":19},"end":{"line":26,"column":2}},"3":{"start":{"line":30,"column":0},"end":{"line":30,"column":117}},"4":{"start":{"line":33,"column":0},"end":{"line":41,"column":2}},"5":{"start":{"line":35,"column":4},"end":{"line":35,"column":53}},"6":{"start":{"line":36,"column":4},"end":{"line":36,"column":29}},"7":{"start":{"line":37,"column":4},"end":{"line":37,"column":29}},"8":{"start":{"line":39,"column":4},"end":{"line":39,"column":38}},"9":{"start":{"line":43,"column":0},"end":{"line":43,"column":51}}},"fnMap":{"0":{"name":"(anonymous_0)","decl":{"start":{"line":34,"column":13},"end":{"line":34,"column":14}},"loc":{"start":{"line":34,"column":43},"end":{"line":40,"column":3}},"line":34}},"branchMap":{},"s":{"0":3,"1":3,"2":3,"3":3,"4":3,"5":12,"6":12,"7":12,"8":12,"9":3},"f":{"0":12},"b":{},"_coverageSchema":"1a1c01bbd47fc00a2c39e90264f33305004495a9","hash":"43907b02ca0175720cd4f475418e801a42837425"}
,"/mnt/c/Users/Vadim/Documents/fullstackopen2019_project/Mnemosyne/resolvers/notes.js": {"path":"/mnt/c/Users/Vadim/Documents/fullstackopen2019_project/Mnemosyne/resolvers/notes.js","statementMap":{"0":{"start":{"line":2,"column":31},"end":{"line":2,"column":49}},"1":{"start":{"line":3,"column":27},"end":{"line":3,"column":51}},"2":{"start":{"line":4,"column":17},"end":{"line":4,"column":44}},"3":{"start":{"line":7,"column":13},"end":{"line":7,"column":46}},"4":{"start":{"line":10,"column":22},"end":{"line":10,"column":61}},"5":{"start":{"line":12,"column":22},"end":{"line":88,"column":1}},"6":{"start":{"line":15,"column":6},"end":{"line":15,"column":32}},"7":{"start":{"line":20,"column":19},"end":{"line":20,"column":30}},"8":{"start":{"line":21,"column":6},"end":{"line":22,"column":90}},"9":{"start":{"line":22,"column":8},"end":{"line":22,"column":90}},"10":{"start":{"line":22,"column":55},"end":{"line":22,"column":88}},"11":{"start":{"line":23,"column":19},"end":{"line":23,"column":40}},"12":{"start":{"line":24,"column":6},"end":{"line":30,"column":7}},"13":{"start":{"line":25,"column":8},"end":{"line":25,"column":25}},"14":{"start":{"line":27,"column":8},"end":{"line":29,"column":10}},"15":{"start":{"line":31,"column":6},"end":{"line":31,"column":17}},"16":{"start":{"line":35,"column":6},"end":{"line":48,"column":7}},"17":{"start":{"line":36,"column":8},"end":{"line":36,"column":43}},"18":{"start":{"line":37,"column":8},"end":{"line":41,"column":9}},"19":{"start":{"line":38,"column":10},"end":{"line":40,"column":12}},"20":{"start":{"line":42,"column":8},"end":{"line":42,"column":89}},"21":{"start":{"line":43,"column":8},"end":{"line":43,"column":25}},"22":{"start":{"line":45,"column":8},"end":{"line":47,"column":10}},"23":{"start":{"line":49,"column":6},"end":{"line":49,"column":17}},"24":{"start":{"line":53,"column":6},"end":{"line":66,"column":7}},"25":{"start":{"line":54,"column":8},"end":{"line":54,"column":43}},"26":{"start":{"line":55,"column":8},"end":{"line":59,"column":9}},"27":{"start":{"line":56,"column":10},"end":{"line":58,"column":12}},"28":{"start":{"line":60,"column":8},"end":{"line":60,"column":93}},"29":{"start":{"line":60,"column":57},"end":{"line":60,"column":92}},"30":{"start":{"line":61,"column":8},"end":{"line":61,"column":25}},"31":{"start":{"line":63,"column":8},"end":{"line":65,"column":10}},"32":{"start":{"line":67,"column":6},"end":{"line":67,"column":17}},"33":{"start":{"line":76,"column":6},"end":{"line":76,"column":28}},"34":{"start":{"line":79,"column":6},"end":{"line":79,"column":28}},"35":{"start":{"line":82,"column":6},"end":{"line":84,"column":7}},"36":{"start":{"line":83,"column":8},"end":{"line":83,"column":38}},"37":{"start":{"line":85,"column":6},"end":{"line":85,"column":17}},"38":{"start":{"line":89,"column":0},"end":{"line":89,"column":30}}},"fnMap":{"0":{"name":"(anonymous_0)","decl":{"start":{"line":14,"column":14},"end":{"line":14,"column":15}},"loc":{"start":{"line":14,"column":26},"end":{"line":16,"column":5}},"line":14},"1":{"name":"(anonymous_1)","decl":{"start":{"line":19,"column":13},"end":{"line":19,"column":14}},"loc":{"start":{"line":19,"column":35},"end":{"line":32,"column":5}},"line":19},"2":{"name":"(anonymous_2)","decl":{"start":{"line":22,"column":44},"end":{"line":22,"column":45}},"loc":{"start":{"line":22,"column":55},"end":{"line":22,"column":88}},"line":22},"3":{"name":"(anonymous_3)","decl":{"start":{"line":33,"column":19},"end":{"line":33,"column":20}},"loc":{"start":{"line":33,"column":41},"end":{"line":50,"column":5}},"line":33},"4":{"name":"(anonymous_4)","decl":{"start":{"line":51,"column":24},"end":{"line":51,"column":25}},"loc":{"start":{"line":51,"column":46},"end":{"line":68,"column":5}},"line":51},"5":{"name":"(anonymous_5)","decl":{"start":{"line":60,"column":47},"end":{"line":60,"column":48}},"loc":{"start":{"line":60,"column":57},"end":{"line":60,"column":92}},"line":60},"6":{"name":"(anonymous_6)","decl":{"start":{"line":75,"column":4},"end":{"line":75,"column":5}},"loc":{"start":{"line":75,"column":22},"end":{"line":77,"column":5}},"line":75},"7":{"name":"(anonymous_7)","decl":{"start":{"line":78,"column":4},"end":{"line":78,"column":5}},"loc":{"start":{"line":78,"column":21},"end":{"line":80,"column":5}},"line":78},"8":{"name":"(anonymous_8)","decl":{"start":{"line":81,"column":4},"end":{"line":81,"column":5}},"loc":{"start":{"line":81,"column":22},"end":{"line":86,"column":5}},"line":81}},"branchMap":{"0":{"loc":{"start":{"line":21,"column":6},"end":{"line":22,"column":90}},"type":"if","locations":[{"start":{"line":21,"column":6},"end":{"line":22,"column":90}},{"start":{"line":21,"column":6},"end":{"line":22,"column":90}}],"line":21},"1":{"loc":{"start":{"line":37,"column":8},"end":{"line":41,"column":9}},"type":"if","locations":[{"start":{"line":37,"column":8},"end":{"line":41,"column":9}},{"start":{"line":37,"column":8},"end":{"line":41,"column":9}}],"line":37},"2":{"loc":{"start":{"line":55,"column":8},"end":{"line":59,"column":9}},"type":"if","locations":[{"start":{"line":55,"column":8},"end":{"line":59,"column":9}},{"start":{"line":55,"column":8},"end":{"line":59,"column":9}}],"line":55},"3":{"loc":{"start":{"line":82,"column":6},"end":{"line":84,"column":7}},"type":"if","locations":[{"start":{"line":82,"column":6},"end":{"line":84,"column":7}},{"start":{"line":82,"column":6},"end":{"line":84,"column":7}}],"line":82}},"s":{"0":2,"1":2,"2":2,"3":2,"4":2,"5":2,"6":3,"7":2,"8":2,"9":1,"10":2,"11":2,"12":2,"13":2,"14":0,"15":2,"16":2,"17":2,"18":2,"19":1,"20":1,"21":1,"22":1,"23":1,"24":2,"25":2,"26":2,"27":1,"28":1,"29":2,"30":1,"31":1,"32":1,"33":0,"34":7,"35":2,"36":2,"37":0,"38":2},"f":{"0":3,"1":2,"2":2,"3":2,"4":2,"5":2,"6":0,"7":7,"8":2},"b":{"0":[1,1],"1":[1,1],"2":[1,1],"3":[2,0]},"_coverageSchema":"1a1c01bbd47fc00a2c39e90264f33305004495a9","hash":"26900883010fd960d4747c9e26710c99139480bc"}
,"/mnt/c/Users/Vadim/Documents/fullstackopen2019_project/Mnemosyne/tests/test_helper.js": {"path":"/mnt/c/Users/Vadim/Documents/fullstackopen2019_project/Mnemosyne/tests/test_helper.js","statementMap":{"0":{"start":{"line":2,"column":13},"end":{"line":2,"column":46}},"1":{"start":{"line":3,"column":22},"end":{"line":3,"column":61}},"2":{"start":{"line":4,"column":13},"end":{"line":4,"column":38}},"3":{"start":{"line":5,"column":17},"end":{"line":5,"column":46}},"4":{"start":{"line":6,"column":12},"end":{"line":6,"column":36}},"5":{"start":{"line":9,"column":21},"end":{"line":27,"column":1}},"6":{"start":{"line":29,"column":21},"end":{"line":54,"column":1}},"7":{"start":{"line":56,"column":26},"end":{"line":63,"column":1}},"8":{"start":{"line":65,"column":20},"end":{"line":72,"column":1}},"9":{"start":{"line":75,"column":18},"end":{"line":78,"column":1}},"10":{"start":{"line":76,"column":16},"end":{"line":76,"column":35}},"11":{"start":{"line":77,"column":2},"end":{"line":77,"column":41}},"12":{"start":{"line":77,"column":27},"end":{"line":77,"column":40}},"13":{"start":{"line":80,"column":26},"end":{"line":86,"column":1}},"14":{"start":{"line":81,"column":15},"end":{"line":81,"column":48}},"15":{"start":{"line":82,"column":2},"end":{"line":82,"column":19}},"16":{"start":{"line":83,"column":2},"end":{"line":83,"column":21}},"17":{"start":{"line":85,"column":2},"end":{"line":85,"column":28}},"18":{"start":{"line":88,"column":18},"end":{"line":91,"column":1}},"19":{"start":{"line":89,"column":16},"end":{"line":89,"column":35}},"20":{"start":{"line":90,"column":2},"end":{"line":90,"column":41}},"21":{"start":{"line":90,"column":27},"end":{"line":90,"column":40}},"22":{"start":{"line":93,"column":23},"end":{"line":96,"column":1}},"23":{"start":{"line":94,"column":21},"end":{"line":94,"column":44}},"24":{"start":{"line":95,"column":2},"end":{"line":95,"column":54}},"25":{"start":{"line":95,"column":36},"end":{"line":95,"column":53}},"26":{"start":{"line":98,"column":17},"end":{"line":101,"column":1}},"27":{"start":{"line":99,"column":15},"end":{"line":99,"column":33}},"28":{"start":{"line":100,"column":2},"end":{"line":100,"column":38}},"29":{"start":{"line":100,"column":25},"end":{"line":100,"column":37}},"30":{"start":{"line":103,"column":0},"end":{"line":113,"column":1}}},"fnMap":{"0":{"name":"(anonymous_0)","decl":{"start":{"line":75,"column":18},"end":{"line":75,"column":19}},"loc":{"start":{"line":75,"column":30},"end":{"line":78,"column":1}},"line":75},"1":{"name":"(anonymous_1)","decl":{"start":{"line":77,"column":19},"end":{"line":77,"column":20}},"loc":{"start":{"line":77,"column":27},"end":{"line":77,"column":40}},"line":77},"2":{"name":"(anonymous_2)","decl":{"start":{"line":80,"column":26},"end":{"line":80,"column":27}},"loc":{"start":{"line":80,"column":38},"end":{"line":86,"column":1}},"line":80},"3":{"name":"(anonymous_3)","decl":{"start":{"line":88,"column":18},"end":{"line":88,"column":19}},"loc":{"start":{"line":88,"column":30},"end":{"line":91,"column":1}},"line":88},"4":{"name":"(anonymous_4)","decl":{"start":{"line":90,"column":19},"end":{"line":90,"column":20}},"loc":{"start":{"line":90,"column":27},"end":{"line":90,"column":40}},"line":90},"5":{"name":"(anonymous_5)","decl":{"start":{"line":93,"column":23},"end":{"line":93,"column":24}},"loc":{"start":{"line":93,"column":35},"end":{"line":96,"column":1}},"line":93},"6":{"name":"(anonymous_6)","decl":{"start":{"line":95,"column":24},"end":{"line":95,"column":25}},"loc":{"start":{"line":95,"column":36},"end":{"line":95,"column":53}},"line":95},"7":{"name":"(anonymous_7)","decl":{"start":{"line":98,"column":17},"end":{"line":98,"column":18}},"loc":{"start":{"line":98,"column":29},"end":{"line":101,"column":1}},"line":98},"8":{"name":"(anonymous_8)","decl":{"start":{"line":100,"column":18},"end":{"line":100,"column":19}},"loc":{"start":{"line":100,"column":25},"end":{"line":100,"column":37}},"line":100}},"branchMap":{},"s":{"0":3,"1":3,"2":3,"3":3,"4":3,"5":3,"6":3,"7":3,"8":3,"9":3,"10":16,"11":16,"12":50,"13":3,"14":2,"15":2,"16":2,"17":2,"18":3,"19":4,"20":4,"21":12,"22":3,"23":2,"24":2,"25":4,"26":3,"27":2,"28":2,"29":4,"30":3},"f":{"0":16,"1":50,"2":2,"3":4,"4":12,"5":2,"6":4,"7":2,"8":4},"b":{},"_coverageSchema":"1a1c01bbd47fc00a2c39e90264f33305004495a9","hash":"3c42a1c9c8cf3c4010efccfb5143eebe1b5d828a"}
,"/mnt/c/Users/Vadim/Documents/fullstackopen2019_project/Mnemosyne/typedefs/notes.js": {"path":"/mnt/c/Users/Vadim/Documents/fullstackopen2019_project/Mnemosyne/typedefs/notes.js","statementMap":{"0":{"start":{"line":1,"column":16},"end":{"line":1,"column":48}},"1":{"start":{"line":3,"column":21},"end":{"line":49,"column":1}},"2":{"start":{"line":50,"column":0},"end":{"line":50,"column":29}}},"fnMap":{},"branchMap":{},"s":{"0":2,"1":2,"2":2},"f":{},"b":{},"_coverageSchema":"1a1c01bbd47fc00a2c39e90264f33305004495a9","hash":"36020d1c739580930643a51e0b83ac743afa6f3d"}
,"/mnt/c/Users/Vadim/Documents/fullstackopen2019_project/Mnemosyne/typedefs/root.js": {"path":"/mnt/c/Users/Vadim/Documents/fullstackopen2019_project/Mnemosyne/typedefs/root.js","statementMap":{"0":{"start":{"line":1,"column":16},"end":{"line":1,"column":48}},"1":{"start":{"line":3,"column":13},"end":{"line":10,"column":1}},"2":{"start":{"line":11,"column":0},"end":{"line":11,"column":21}}},"fnMap":{},"branchMap":{},"s":{"0":2,"1":2,"2":2},"f":{},"b":{},"_coverageSchema":"1a1c01bbd47fc00a2c39e90264f33305004495a9","hash":"bd0e745828b1a9eabdd9f9f3003db04cda243845"}
,"/mnt/c/Users/Vadim/Documents/fullstackopen2019_project/Mnemosyne/utils/config.js": {"path":"/mnt/c/Users/Vadim/Documents/fullstackopen2019_project/Mnemosyne/utils/config.js","statementMap":{"0":{"start":{"line":2,"column":0},"end":{"line":2,"column":26}},"1":{"start":{"line":5,"column":11},"end":{"line":5,"column":27}},"2":{"start":{"line":6,"column":18},"end":{"line":6,"column":41}},"3":{"start":{"line":9,"column":0},"end":{"line":11,"column":1}},"4":{"start":{"line":10,"column":2},"end":{"line":10,"column":44}},"5":{"start":{"line":14,"column":0},"end":{"line":16,"column":1}},"6":{"start":{"line":15,"column":2},"end":{"line":15,"column":137}},"7":{"start":{"line":18,"column":0},"end":{"line":21,"column":1}}},"fnMap":{},"branchMap":{"0":{"loc":{"start":{"line":9,"column":0},"end":{"line":11,"column":1}},"type":"if","locations":[{"start":{"line":9,"column":0},"end":{"line":11,"column":1}},{"start":{"line":9,"column":0},"end":{"line":11,"column":1}}],"line":9},"1":{"loc":{"start":{"line":14,"column":0},"end":{"line":16,"column":1}},"type":"if","locations":[{"start":{"line":14,"column":0},"end":{"line":16,"column":1}},{"start":{"line":14,"column":0},"end":{"line":16,"column":1}}],"line":14}},"s":{"0":3,"1":3,"2":3,"3":3,"4":3,"5":3,"6":0,"7":3},"f":{},"b":{"0":[3,0],"1":[0,3]},"_coverageSchema":"1a1c01bbd47fc00a2c39e90264f33305004495a9","hash":"484d9a399b89bff4353a1264618cc4789cd3b0f1"}
}
