TN:
SF:app.js
FNF:0
FNH:0
DA:2,2
DA:5,2
DA:6,2
DA:7,2
DA:8,2
DA:9,2
DA:10,2
DA:13,2
DA:16,2
DA:17,2
DA:20,2
DA:23,2
DA:31,2
DA:33,2
DA:35,2
DA:40,2
DA:42,2
DA:43,2
DA:46,2
DA:50,2
DA:52,2
LF:21
LH:21
BRF:0
BRH:0
end_of_record
TN:
SF:controllers/notes.js
FN:9,(anonymous_0)
FNF:1
FNH:1
FNDA:3,(anonymous_0)
DA:2,2
DA:4,2
DA:9,2
DA:10,3
DA:11,3
DA:14,2
LF:6
LH:6
BRF:0
BRH:0
end_of_record
TN:
SF:models/category.js
FN:14,(anonymous_0)
FNF:1
FNH:1
FNDA:4,(anonymous_0)
DA:2,3
DA:5,3
DA:13,3
DA:15,4
DA:16,4
DA:17,4
DA:21,3
LF:7
LH:7
BRF:0
BRH:0
end_of_record
TN:
SF:models/note.js
FN:63,(anonymous_0)
FNF:1
FNH:1
FNDA:59,(anonymous_0)
DA:2,3
DA:5,3
DA:15,3
DA:62,3
DA:64,59
DA:65,59
DA:66,59
DA:67,59
DA:68,78
DA:69,78
DA:74,3
LF:11
LH:11
BRF:0
BRH:0
end_of_record
TN:
SF:models/tag.js
FN:14,(anonymous_0)
FNF:1
FNH:1
FNDA:4,(anonymous_0)
DA:2,3
DA:5,3
DA:13,3
DA:15,4
DA:16,4
DA:17,4
DA:21,3
LF:7
LH:7
BRF:0
BRH:0
end_of_record
TN:
SF:models/user.js
FN:34,(anonymous_0)
FNF:1
FNH:1
FNDA:12,(anonymous_0)
DA:2,3
DA:3,3
DA:6,3
DA:30,3
DA:33,3
DA:35,12
DA:36,12
DA:37,12
DA:39,12
DA:43,3
LF:10
LH:10
BRF:0
BRH:0
end_of_record
TN:
SF:resolvers/notes.js
FN:14,(anonymous_0)
FN:19,(anonymous_1)
FN:22,(anonymous_2)
FN:33,(anonymous_3)
FN:51,(anonymous_4)
FN:60,(anonymous_5)
FN:75,(anonymous_6)
FN:78,(anonymous_7)
FN:81,(anonymous_8)
FNF:9
FNH:8
FNDA:3,(anonymous_0)
FNDA:2,(anonymous_1)
FNDA:2,(anonymous_2)
FNDA:2,(anonymous_3)
FNDA:2,(anonymous_4)
FNDA:2,(anonymous_5)
FNDA:0,(anonymous_6)
FNDA:7,(anonymous_7)
FNDA:2,(anonymous_8)
DA:2,2
DA:3,2
DA:4,2
DA:7,2
DA:10,2
DA:12,2
DA:15,3
DA:20,2
DA:21,2
DA:22,2
DA:23,2
DA:24,2
DA:25,2
DA:27,0
DA:31,2
DA:35,2
DA:36,2
DA:37,2
DA:38,1
DA:42,1
DA:43,1
DA:45,1
DA:49,1
DA:53,2
DA:54,2
DA:55,2
DA:56,1
DA:60,2
DA:61,1
DA:63,1
DA:67,1
DA:76,0
DA:79,7
DA:82,2
DA:83,2
DA:85,0
DA:89,2
LF:37
LH:34
BRDA:21,0,0,1
BRDA:21,0,1,1
BRDA:37,1,0,1
BRDA:37,1,1,1
BRDA:55,2,0,1
BRDA:55,2,1,1
BRDA:82,3,0,2
BRDA:82,3,1,0
BRF:8
BRH:7
end_of_record
TN:
SF:tests/test_helper.js
FN:75,(anonymous_0)
FN:77,(anonymous_1)
FN:80,(anonymous_2)
FN:88,(anonymous_3)
FN:90,(anonymous_4)
FN:93,(anonymous_5)
FN:95,(anonymous_6)
FN:98,(anonymous_7)
FN:100,(anonymous_8)
FNF:9
FNH:9
FNDA:16,(anonymous_0)
FNDA:50,(anonymous_1)
FNDA:2,(anonymous_2)
FNDA:4,(anonymous_3)
FNDA:12,(anonymous_4)
FNDA:2,(anonymous_5)
FNDA:4,(anonymous_6)
FNDA:2,(anonymous_7)
FNDA:4,(anonymous_8)
DA:2,3
DA:3,3
DA:4,3
DA:5,3
DA:6,3
DA:9,3
DA:29,3
DA:56,3
DA:65,3
DA:75,3
DA:76,16
DA:77,50
DA:80,3
DA:81,2
DA:82,2
DA:83,2
DA:85,2
DA:88,3
DA:89,4
DA:90,12
DA:93,3
DA:94,2
DA:95,4
DA:98,3
DA:99,2
DA:100,4
DA:103,3
LF:27
LH:27
BRF:0
BRH:0
end_of_record
TN:
SF:typedefs/notes.js
FNF:0
FNH:0
DA:1,2
DA:3,2
DA:50,2
LF:3
LH:3
BRF:0
BRH:0
end_of_record
TN:
SF:typedefs/root.js
FNF:0
FNH:0
DA:1,2
DA:3,2
DA:11,2
LF:3
LH:3
BRF:0
BRH:0
end_of_record
TN:
SF:utils/config.js
FNF:0
FNH:0
DA:2,3
DA:5,3
DA:6,3
DA:9,3
DA:10,3
DA:14,3
DA:15,0
DA:18,3
LF:8
LH:7
BRDA:9,0,0,3
BRDA:9,0,1,0
BRDA:14,1,0,0
BRDA:14,1,1,3
BRF:4
BRH:2
end_of_record
